{"type": "profile", "key": "player:1", "data": {"level": 5, "coins": 200}}
{"type": "config", "key": "config:main", "data": {"volume": 80, "fullscreen": false}}
{"type": "score", "key": "score:run1", "data": {"score": 3200}}
{"type": "profile", "key": "player:1", "data": {"level": 10, "coins": 500}}
{"type": "profile", "key": "player:2", "data": {"level": 3, "coins": 100}}
{"type": "profile", "key": "player:1", "data": {"level": 10, "coins": 500}}
{"type": "profile", "key": "player:2", "data": {"level": 3, "coins": 100}}
{"type": "profile", "key": "player:1", "data": {"level": 20}}
{"type": "profile", "key": "player:2", "data": {"level": 5}}
{"type": "profile", "key": "player:1", "data": {"level": 25}}
{"type": "profile", "key": "player:slot1", "data": {"name": "Santiago", "level": 1, "coins": 50, "x": 120, "y": 300, "hp_team": [100, 95]}}
{"type": "config", "key": "config:main", "data": {"volume": 80, "fullscreen": false, "up": "W", "down": "S", "left": "A", "right": "D"}}
{"type": "score", "key": "score:intro_demo", "data": {"player": "Santiago", "score": 1500, "time": 320}}
{"type": "profile", "key": "player:slot1", "data": {"name": "Santiago", "level": 1, "coins": 0, "x": 120, "y": 360, "hp_team": [100]}}
{"type": "profile", "key": "player:slot1", "data": {"name": "Santiago", "level": 1, "coins": 0, "x": 488, "y": 360, "hp_team": [100]}}
{"type": "profile", "key": "player:slot1", "data": {"name": "Santiago", "level": 1, "coins": 0, "x": 488, "y": 364, "hp_team": [100]}}
{"type": "profile", "key": "player:slot1", "data": {"name": "Santiago", "level": 1, "coins": 0, "x": 488, "y": 388, "hp_team": [100]}}
{"type": "profile", "key": "player:slot1", "data": {"name": "Santiago", "level": 1, "coins": 0, "x": 488, "y": 360, "hp_team": [100]}}
{"type": "profile", "key": "player:slot1", "data": {"name": "Santiago", "level": 1, "coins": 0, "x": 492, "y": 308, "hp_team": [100]}}
{"type": "profile", "key": "player:slot1", "data": {"name": "Santiago", "level": 1, "coins": 0, "x": 492, "y": 308, "hp_team": [100]}}
{"type": "profile", "key": "player:slot1", "data": {"name": "Santiago", "level": 1, "coins": 0, "x": 308, "y": 208, "hp_team": [100]}}
{"type": "profile", "key": "player:slot1", "data": {"name": "Santiago", "level": 1, "coins": 0, "x": 276, "y": 260, "hp_team": [100]}}
{"type": "profile", "key": "player:slot1", "data": {"name": "Santiago", "level": 1, "coins": 0, "x": 556, "y": 296, "hp_team": [100]}}
{"type": "profile", "key": "player:slot1", "data": {"name": "Santiago", "level": 1, "coins": 0, "x": 902, "y": 256, "hp_team": [100]}}
{"type": "profile", "key": "player:slot1", "data": {"name": "Santiago", "level": 1, "coins": 0, "x": 120, "y": 360, "hp_team": [100]}}
{"type": "profile", "key": "player:slot1", "data": {"name": "Santiago", "level": 1, "coins": 0, "x": 970, "y": 0, "hp_team": [100]}}
{"type": "profile", "key": "player:slot1", "data": {"name": "Santiago", "level": 1, "coins": 0, "x": 120, "y": 360, "hp_team": [100]}}
{"type": "profile", "key": "player:slot1", "data": {"name": "Santiago", "level": 1, "coins": 0, "x": 468, "y": 352, "hp_team": [100]}}
{"type": "profile", "key": "player:slot1", "data": {"name": "Santiago", "level": 1, "coins": 0, "x": 970, "y": 0, "hp_team": [100]}}
{"type": "profile", "key": "player:slot1", "data": {"name": "Santiago", "level": 1, "coins": 0, "x": 120, "y": 360, "hp_team": [100]}}
{"type": "profile", "key": "player:slot1", "data": {"name": "Santiago", "level": 1, "coins": 0, "x": 828, "y": 116, "hp_team": [100]}}
{"type": "profile", "key": "player:slot1", "data": {"name": "Santiago", "level": 1, "coins": 0, "x": 828, "y": 116, "hp_team": [100]}}
{"type": "profile", "key": "player:slot1", "data": {"name": "Santiago", "level": 1, "coins": 0, "x": 492, "y": 344, "hp_team": [100]}}
{"type": "profile", "key": "player:slot1", "data": {"name": "Santiago", "level": 1, "coins": 0, "x": 120, "y": 360, "hp_team": [100]}}
{"type": "profile", "key": "player:slot1", "data": {"name": "Santiago", "level": 1, "coins": 0, "x": 696, "y": 272, "hp_team": [100]}}
{"type": "config", "key": "config:main", "data": {"volume": 100, "fullscreen": false, "up": "W", "down": "S", "left": "A", "right": "D"}}
{"type": "config", "key": "config:main", "data": {"volume": 50, "fullscreen": false, "up": "W", "down": "S", "left": "A", "right": "D"}}
{"type": "config", "key": "config:main", "data": {"volume": 50, "fullscreen": true, "up": "W", "down": "S", "left": "A", "right": "D"}}
{"type": "config", "key": "config:main", "data": {"volume": 50, "fullscreen": false, "up": "W", "down": "S", "left": "A", "right": "D"}}
{"type": "config", "key": "config:main", "data": {"volume": 50, "fullscreen": true, "up": "W", "down": "S", "left": "A", "right": "D"}}
{"type": "config", "key": "config:main", "data": {"volume": 50, "fullscreen": false, "up": "W", "down": "S", "left": "A", "right": "D"}}
{"type": "config", "key": "config:main", "data": {"volume": 50, "fullscreen": true, "up": "W", "down": "S", "left": "A", "right": "D"}}
{"type": "config", "key": "config:main", "data": {"volume": 50, "fullscreen": false, "up": "W", "down": "S", "left": "A", "right": "D"}}
{"type": "config", "key": "config:main", "data": {"volume": 50, "fullscreen": false, "up": "W", "down": "S", "left": "A", "right": "D", "music_volume": 80, "sfx_volume": 80, "mute_music": false, "mute_sfx": false, "resolution_index": 1}}
{"type": "config", "key": "config:main", "data": {"volume": 50, "fullscreen": false, "up": "W", "down": "S", "left": "A", "right": "D", "music_volume": 85, "sfx_volume": 80, "mute_music": false, "mute_sfx": false, "resolution_index": 1}}
{"type": "config", "key": "config:main", "data": {"volume": 50, "fullscreen": false, "up": "W", "down": "S", "left": "A", "right": "D", "music_volume": 80, "sfx_volume": 80, "mute_music": false, "mute_sfx": false, "resolution_index": 1}}
{"type": "config", "key": "config:main", "data": {"volume": 50, "fullscreen": false, "up": "W", "down": "S", "left": "A", "right": "D", "music_volume": 80, "sfx_volume": 80, "mute_music": false, "mute_sfx": false, "resolution_index": 2}}
{"type": "config", "key": "config:main", "data": {"volume": 50, "fullscreen": false, "up": "W", "down": "S", "left": "A", "right": "D", "music_volume": 80, "sfx_volume": 80, "mute_music": false, "mute_sfx": false, "resolution_index": 3}}
{"type": "config", "key": "config:main", "data": {"volume": 50, "fullscreen": false, "up": "W", "down": "S", "left": "A", "right": "D", "music_volume": 80, "sfx_volume": 80, "mute_music": false, "mute_sfx": false, "resolution_index": 0}}
{"type": "config", "key": "config:main", "data": {"volume": 50, "fullscreen": false, "up": "W", "down": "S", "left": "A", "right": "D", "music_volume": 80, "sfx_volume": 80, "mute_music": false, "mute_sfx": false, "resolution_index": 3}}
{"type": "config", "key": "config:main", "data": {"volume": 50, "fullscreen": false, "up": "W", "down": "S", "left": "A", "right": "D", "music_volume": 80, "sfx_volume": 80, "mute_music": false, "mute_sfx": false, "resolution_index": 0}}
{"type": "config", "key": "config:main", "data": {"volume": 50, "fullscreen": true, "up": "W", "down": "S", "left": "A", "right": "D", "music_volume": 80, "sfx_volume": 80, "mute_music": false, "mute_sfx": false, "resolution_index": 0}}
{"type": "config", "key": "config:main", "data": {"volume": 50, "fullscreen": false, "up": "W", "down": "S", "left": "A", "right": "D", "music_volume": 80, "sfx_volume": 80, "mute_music": false, "mute_sfx": false, "resolution_index": 0}}
{"type": "config", "key": "config:main", "data": {"volume": 50, "fullscreen": false, "up": "W", "down": "S", "left": "A", "right": "D", "music_volume": 80, "sfx_volume": 80, "mute_music": false, "mute_sfx": false, "resolution_index": 0}}
{"type": "config", "key": "config:main", "data": {"volume": 50, "fullscreen": false, "up": "W", "down": "S", "left": "A", "right": "D", "music_volume": 85, "sfx_volume": 80, "mute_music": false, "mute_sfx": false, "resolution_index": 0}}
{"type": "config", "key": "config:main", "data": {"volume": 50, "fullscreen": false, "up": "W", "down": "S", "left": "A", "right": "D", "music_volume": 80, "sfx_volume": 80, "mute_music": false, "mute_sfx": false, "resolution_index": 0}}
{"type": "config", "key": "config:main", "data": {"volume": 50, "fullscreen": false, "up": "W", "down": "S", "left": "A", "right": "D", "music_volume": 75, "sfx_volume": 80, "mute_music": false, "mute_sfx": false, "resolution_index": 0}}
{"type": "config", "key": "config:main", "data": {"volume": 50, "fullscreen": false, "up": "W", "down": "S", "left": "A", "right": "D", "music_volume": 75, "sfx_volume": 85, "mute_music": false, "mute_sfx": false, "resolution_index": 0}}
{"type": "config", "key": "config:main", "data": {"volume": 50, "fullscreen": false, "up": "W", "down": "S", "left": "A", "right": "D", "music_volume": 75, "sfx_volume": 80, "mute_music": false, "mute_sfx": false, "resolution_index": 0}}
{"type": "config", "key": "config:main", "data": {"volume": 50, "fullscreen": false, "up": "W", "down": "S", "left": "A", "right": "D", "music_volume": 80, "sfx_volume": 80, "mute_music": false, "mute_sfx": false, "resolution_index": 0}}
{"type": "config", "key": "config:main", "data": {"volume": 50, "fullscreen": false, "up": "W", "down": "S", "left": "A", "right": "D", "music_volume": 85, "sfx_volume": 80, "mute_music": false, "mute_sfx": false, "resolution_index": 0}}
{"type": "config", "key": "config:main", "data": {"volume": 50, "fullscreen": false, "up": "W", "down": "S", "left": "A", "right": "D", "music_volume": 85, "sfx_volume": 75, "mute_music": false, "mute_sfx": false, "resolution_index": 0}}
{"type": "config", "key": "config:main", "data": {"volume": 50, "fullscreen": false, "up": "W", "down": "S", "left": "A", "right": "D", "music_volume": 85, "sfx_volume": 70, "mute_music": false, "mute_sfx": false, "resolution_index": 0}}
{"type": "config", "key": "config:main", "data": {"volume": 50, "fullscreen": false, "up": "W", "down": "S", "left": "A", "right": "D", "music_volume": 85, "sfx_volume": 65, "mute_music": false, "mute_sfx": false, "resolution_index": 0}}
{"type": "config", "key": "config:main", "data": {"volume": 50, "fullscreen": false, "up": "W", "down": "S", "left": "A", "right": "D", "music_volume": 85, "sfx_volume": 65, "mute_music": false, "mute_sfx": false, "resolution_index": 1}}
{"type": "config", "key": "config:main", "data": {"volume": 50, "fullscreen": false, "up": "W", "down": "S", "left": "A", "right": "D", "music_volume": 85, "sfx_volume": 65, "mute_music": false, "mute_sfx": false, "resolution_index": 2}}
{"type": "config", "key": "config:main", "data": {"volume": 50, "fullscreen": false, "up": "W", "down": "S", "left": "A", "right": "D", "music_volume": 85, "sfx_volume": 65, "mute_music": false, "mute_sfx": false, "resolution_index": 3}}
{"type": "config", "key": "config:main", "data": {"volume": 50, "fullscreen": false, "up": "W", "down": "S", "left": "A", "right": "D", "music_volume": 85, "sfx_volume": 65, "mute_music": false, "mute_sfx": false, "resolution_index": 0}}
{"type": "config", "key": "config:main", "data": {"volume": 50, "fullscreen": true, "up": "W", "down": "S", "left": "A", "right": "D", "music_volume": 85, "sfx_volume": 65, "mute_music": false, "mute_sfx": false, "resolution_index": 0}}
{"type": "profile", "key": "player:slot1", "data": {"name": "Santiago", "level": 1, "coins": 0, "x": 120, "y": 480, "hp_team": [100]}}
{"type": "profile", "key": "player:slot1", "data": {"name": "Santiago", "level": 1, "coins": 0, "x": 1152, "y": 84, "hp_team": [100]}}
{"type": "profile", "key": "player:slot1", "data": {"name": "Santiago", "level": 1, "coins": 0, "x": 1152, "y": 84, "hp_team": [100]}}
{"type": "config", "key": "config:main", "data": {"volume": 50, "fullscreen": true, "up": "W", "down": "S", "left": "A", "right": "D", "music_volume": 85, "sfx_volume": 65, "mute_music": false, "mute_sfx": false, "resolution_index": 0}}
{"type": "config", "key": "config:main", "data": {"volume": 50, "fullscreen": true, "up": "W", "down": "S", "left": "A", "right": "D", "music_volume": 85, "sfx_volume": 65, "mute_music": true, "mute_sfx": false, "resolution_index": 0}}
{"type": "config", "key": "config:main", "data": {"volume": 50, "fullscreen": true, "up": "W", "down": "S", "left": "A", "right": "D", "music_volume": 85, "sfx_volume": 65, "mute_music": true, "mute_sfx": true, "resolution_index": 0}}
{"type": "config", "key": "config:main", "data": {"volume": 50, "fullscreen": true, "up": "W", "down": "S", "left": "A", "right": "D", "music_volume": 85, "sfx_volume": 65, "mute_music": false, "mute_sfx": true, "resolution_index": 0}}
{"type": "config", "key": "config:main", "data": {"volume": 50, "fullscreen": true, "up": "W", "down": "S", "left": "A", "right": "D", "music_volume": 85, "sfx_volume": 65, "mute_music": false, "mute_sfx": false, "resolution_index": 0}}
{"type": "config", "key": "config:main", "data": {"volume": 50, "fullscreen": true, "up": "W", "down": "S", "left": "A", "right": "D", "music_volume": 85, "sfx_volume": 65, "mute_music": false, "mute_sfx": true, "resolution_index": 0}}
{"type": "config", "key": "config:main", "data": {"volume": 50, "fullscreen": true, "up": "W", "down": "S", "left": "A", "right": "D", "music_volume": 85, "sfx_volume": 65, "mute_music": true, "mute_sfx": true, "resolution_index": 0}}
{"type": "config", "key": "config:main", "data": {"volume": 50, "fullscreen": false, "up": "W", "down": "S", "left": "A", "right": "D", "music_volume": 85, "sfx_volume": 65, "mute_music": true, "mute_sfx": true, "resolution_index": 0}}
{"type": "config", "key": "config:main", "data": {"volume": 50, "fullscreen": false, "up": "W", "down": "S", "left": "A", "right": "D", "music_volume": 85, "sfx_volume": 65, "mute_music": true, "mute_sfx": true, "resolution_index": 1}}
{"type": "config", "key": "config:main", "data": {"volume": 50, "fullscreen": false, "up": "W", "down": "S", "left": "A", "right": "D", "music_volume": 85, "sfx_volume": 65, "mute_music": true, "mute_sfx": true, "resolution_index": 2}}
{"type": "config", "key": "config:main", "data": {"volume": 50, "fullscreen": false, "up": "W", "down": "S", "left": "A", "right": "D", "music_volume": 85, "sfx_volume": 65, "mute_music": true, "mute_sfx": true, "resolution_index": 1}}
{"type": "config", "key": "config:main", "data": {"volume": 50, "fullscreen": false, "up": "W", "down": "S", "left": "A", "right": "D", "music_volume": 85, "sfx_volume": 65, "mute_music": true, "mute_sfx": true, "resolution_index": 0}}
{"type": "config", "key": "config:main", "data": {"volume": 50, "fullscreen": false, "up": "W", "down": "S", "left": "A", "right": "D", "music_volume": 85, "sfx_volume": 65, "mute_music": true, "mute_sfx": true, "resolution_index": 1}}
{"type": "config", "key": "config:main", "data": {"volume": 50, "fullscreen": false, "up": "W", "down": "S", "left": "A", "right": "D", "music_volume": 85, "sfx_volume": 65, "mute_music": true, "mute_sfx": true, "resolution_index": 2}}
{"type": "config", "key": "config:main", "data": {"volume": 50, "fullscreen": false, "up": "W", "down": "S", "left": "A", "right": "D", "music_volume": 85, "sfx_volume": 65, "mute_music": true, "mute_sfx": true, "resolution_index": 3}}
{"type": "config", "key": "config:main", "data": {"volume": 50, "fullscreen": false, "up": "W", "down": "S", "left": "A", "right": "D", "music_volume": 85, "sfx_volume": 65, "mute_music": true, "mute_sfx": true, "resolution_index": 0}}
{"type": "config", "key": "config:main", "data": {"volume": 50, "fullscreen": false, "up": "W", "down": "S", "left": "A", "right": "D", "music_volume": 85, "sfx_volume": 65, "mute_music": true, "mute_sfx": true, "resolution_index": 3}}
{"type": "config", "key": "config:main", "data": {"volume": 50, "fullscreen": false, "up": "W", "down": "S", "left": "A", "right": "D", "music_volume": 85, "sfx_volume": 65, "mute_music": true, "mute_sfx": true, "resolution_index": 3}}
{"type": "profile", "key": "player:slot1", "data": {"name": "Santiago", "level": 1, "coins": 0, "x": 1152, "y": 84, "hp_team": [100]}}
{"type": "config", "key": "config:main", "data": {"volume": 50, "fullscreen": false, "up": "W", "down": "S", "left": "A", "right": "D", "music_volume": 85, "sfx_volume": 65, "mute_music": false, "mute_sfx": true, "resolution_index": 3}}
{"type": "config", "key": "config:main", "data": {"volume": 50, "fullscreen": false, "up": "W", "down": "S", "left": "A", "right": "D", "music_volume": 85, "sfx_volume": 65, "mute_music": true, "mute_sfx": true, "resolution_index": 3}}
{"type": "config", "key": "config:main", "data": {"volume": 50, "fullscreen": false, "up": "W", "down": "S", "left": "A", "right": "D", "music_volume": 85, "sfx_volume": 65, "mute_music": true, "mute_sfx": true, "resolution_index": 0}}
{"type": "config", "key": "config:main", "data": {"volume": 50, "fullscreen": false, "up": "W", "down": "S", "left": "A", "right": "D", "music_volume": 85, "sfx_volume": 65, "mute_music": true, "mute_sfx": true, "resolution_index": 1}}
{"type": "config", "key": "config:main", "data": {"volume": 50, "fullscreen": false, "up": "W", "down": "S", "left": "A", "right": "D", "music_volume": 85, "sfx_volume": 65, "mute_music": true, "mute_sfx": true, "resolution_index": 2}}
{"type": "config", "key": "config:main", "data": {"volume": 50, "fullscreen": false, "up": "W", "down": "S", "left": "A", "right": "D", "music_volume": 85, "sfx_volume": 65, "mute_music": true, "mute_sfx": true, "resolution_index": 3}}
{"type": "config", "key": "config:main", "data": {"volume": 50, "fullscreen": false, "up": "W", "down": "S", "left": "A", "right": "D", "music_volume": 85, "sfx_volume": 65, "mute_music": true, "mute_sfx": true, "resolution_index": 0}}
{"type": "config", "key": "config:main", "data": {"volume": 50, "fullscreen": true, "up": "W", "down": "S", "left": "A", "right": "D", "music_volume": 85, "sfx_volume": 65, "mute_music": true, "mute_sfx": true, "resolution_index": 0}}
{"type": "profile", "key": "player:slot1", "data": {"name": "Santiago", "level": 1, "coins": 0, "x": 648, "y": 404, "hp_team": [100]}}
{"type": "config", "key": "config:main", "data": {"volume": 50, "fullscreen": true, "up": "W", "down": "S", "left": "A", "right": "D", "music_volume": 85, "sfx_volume": 65, "mute_music": true, "mute_sfx": true, "resolution_index": 0}}
{"type": "profile", "key": "player:slot1", "data": {"name": "Santiago", "scene": "world", "x": 560, "y": 500, "level": 1, "coins": 0}}
